<?xml version="1.0" encoding="UTF-8"?>
<!-- Generated by org.testng.reporters.JUnitReportReporter -->
<testsuite hostname="JAISWAL" name="com.orag.example.HelloTest" tests="1" failures="0" timestamp="16 Jan 2017 17:52:16 GMT" time="0.032" errors="0">
  <testcase name="start" time="0.032" classname="com.orag.example.HelloTest"/>
</testsuite> <!-- com.orag.example.HelloTest -->
